time="2024-12-04T20:20:34+03:00" level=info msg="create router" func="main.main()" file="app.go:20"
time="2024-12-04T20:20:34+03:00" level=info msg="read application configuration" func="main.go/internal/config.GetConfig.func1()" file="config.go:25"
time="2024-12-04T20:20:34+03:00" level=info func="main.go/internal/config.GetConfig.func1()" file="config.go:29"
time="2024-12-04T20:20:34+03:00" level=fatal msg="open config.yml: no such file or directory" func="main.go/internal/config.GetConfig.func1()" file="config.go:30"
time="2024-12-04T20:21:53+03:00" level=info msg="create router" func="main.main()" file="app.go:20"
time="2024-12-04T20:21:53+03:00" level=info msg="read application configuration" func="main.go/internal/config.GetConfig.func1()" file="config.go:25"
time="2024-12-04T20:21:53+03:00" level=info msg="register user handler" func="main.main()" file="app.go:25"
time="2024-12-04T20:21:53+03:00" level=info msg="start application" func="main.start()" file="app.go:34"
time="2024-12-04T20:21:53+03:00" level=info msg="listen tcp" func="main.start()" file="app.go:51"
time="2024-12-04T20:21:53+03:00" level=info msg="server is listening port 0.0.0.0:1234" func="main.start()" file="app.go:53"
time="2024-12-04T20:23:47+03:00" level=info msg="create router" func="main.main()" file="app.go:20"
time="2024-12-04T20:23:47+03:00" level=info msg="read application configuration" func="main.go/internal/config.GetConfig.func1()" file="config.go:25"
time="2024-12-04T20:23:47+03:00" level=info func="main.go/internal/config.GetConfig.func1()" file="config.go:29"
time="2024-12-04T20:23:47+03:00" level=fatal msg="open config.yml: no such file or directory" func="main.go/internal/config.GetConfig.func1()" file="config.go:30"
time="2024-12-04T20:24:20+03:00" level=info msg="create router" func="main.main()" file="app.go:20"
time="2024-12-04T20:24:20+03:00" level=info msg="read application configuration" func="main.go/internal/config.GetConfig.func1()" file="config.go:25"
time="2024-12-04T20:24:20+03:00" level=info func="main.go/internal/config.GetConfig.func1()" file="config.go:29"
time="2024-12-04T20:24:20+03:00" level=fatal msg="open ../config.yml: no such file or directory" func="main.go/internal/config.GetConfig.func1()" file="config.go:30"
time="2024-12-04T20:24:52+03:00" level=info msg="create router" func="main.main()" file="app.go:20"
time="2024-12-04T20:24:52+03:00" level=info msg="read application configuration" func="main.go/internal/config.GetConfig.func1()" file="config.go:25"
time="2024-12-04T20:24:52+03:00" level=info func="main.go/internal/config.GetConfig.func1()" file="config.go:29"
time="2024-12-04T20:24:52+03:00" level=fatal msg="open ./config.yml: no such file or directory" func="main.go/internal/config.GetConfig.func1()" file="config.go:30"
time="2024-12-04T20:25:19+03:00" level=info msg="create router" func="main.main()" file="app.go:20"
time="2024-12-04T20:25:19+03:00" level=info msg="read application configuration" func="main.go/internal/config.GetConfig.func1()" file="config.go:25"
time="2024-12-04T20:25:19+03:00" level=info msg="register user handler" func="main.main()" file="app.go:25"
time="2024-12-04T20:25:19+03:00" level=info msg="start application" func="main.start()" file="app.go:34"
time="2024-12-04T20:25:19+03:00" level=info msg="listen tcp" func="main.start()" file="app.go:51"
time="2024-12-04T20:25:19+03:00" level=info msg="server is listening port 0.0.0.0:1234" func="main.start()" file="app.go:53"
time="2024-12-04T20:25:19+03:00" level=fatal msg="listen tcp 0.0.0.0:1234: bind: address already in use" func="main.start()" file="app.go:58"
time="2024-12-04T20:26:39+03:00" level=info msg="create router" func="main.main()" file="app.go:20"
time="2024-12-04T20:26:39+03:00" level=info msg="read application configuration" func="main.go/internal/config.GetConfig.func1()" file="config.go:25"
time="2024-12-04T20:26:39+03:00" level=info msg="register user handler" func="main.main()" file="app.go:25"
time="2024-12-04T20:26:39+03:00" level=info msg="start application" func="main.start()" file="app.go:34"
time="2024-12-04T20:26:39+03:00" level=info msg="listen tcp" func="main.start()" file="app.go:51"
time="2024-12-04T20:26:39+03:00" level=info msg="server is listening port 0.0.0.0:1234" func="main.start()" file="app.go:53"
time="2024-12-04T20:26:58+03:00" level=info msg="create router" func="main.main()" file="app.go:20"
time="2024-12-04T20:26:58+03:00" level=info msg="read application configuration" func="main.go/internal/config.GetConfig.func1()" file="config.go:25"
time="2024-12-04T20:26:58+03:00" level=info msg="register user handler" func="main.main()" file="app.go:25"
time="2024-12-04T20:26:58+03:00" level=info msg="start application" func="main.start()" file="app.go:34"
time="2024-12-04T20:26:58+03:00" level=info msg="listen tcp" func="main.start()" file="app.go:51"
time="2024-12-04T20:26:58+03:00" level=info msg="server is listening port 0.0.0.0:1234" func="main.start()" file="app.go:53"
time="2024-12-04T20:26:58+03:00" level=fatal msg="listen tcp 0.0.0.0:1234: bind: address already in use" func="main.start()" file="app.go:58"
time="2024-12-04T20:31:21+03:00" level=info msg="create router" func="main.main()" file="app.go:20"
time="2024-12-04T20:31:21+03:00" level=info msg="read application configuration" func="main.go/internal/config.GetConfig.func1()" file="config.go:25"
time="2024-12-04T20:31:21+03:00" level=info msg="register user handler" func="main.main()" file="app.go:25"
time="2024-12-04T20:31:21+03:00" level=info msg="start application" func="main.start()" file="app.go:34"
time="2024-12-04T20:31:21+03:00" level=info msg="listen tcp" func="main.start()" file="app.go:51"
time="2024-12-04T20:31:21+03:00" level=info msg="server is listening port 0.0.0.0:1234" func="main.start()" file="app.go:53"
time="2024-12-04T20:31:21+03:00" level=fatal msg="listen tcp 0.0.0.0:1234: bind: address already in use" func="main.start()" file="app.go:58"
time="2024-12-04T20:41:59+03:00" level=info msg="create router" func="main.main()" file="app.go:20"
time="2024-12-04T20:41:59+03:00" level=info msg="read application configuration" func="main.go/internal/config.GetConfig.func1()" file="config.go:25"
time="2024-12-04T20:41:59+03:00" level=info msg="register user handler" func="main.main()" file="app.go:25"
time="2024-12-04T20:41:59+03:00" level=info msg="start application" func="main.start()" file="app.go:34"
time="2024-12-04T20:41:59+03:00" level=info msg="listen tcp" func="main.start()" file="app.go:51"
time="2024-12-04T20:41:59+03:00" level=info msg="server is listening port 0.0.0.0:1234" func="main.start()" file="app.go:53"
time="2024-12-04T20:41:59+03:00" level=fatal msg="listen tcp 0.0.0.0:1234: bind: address already in use" func="main.start()" file="app.go:58"
time="2024-12-04T20:42:23+03:00" level=info msg="create router" func="main.main()" file="app.go:20"
time="2024-12-04T20:42:23+03:00" level=info msg="read application configuration" func="main.go/internal/config.GetConfig.func1()" file="config.go:25"
time="2024-12-04T20:42:23+03:00" level=info msg="register user handler" func="main.main()" file="app.go:25"
time="2024-12-04T20:42:23+03:00" level=info msg="start application" func="main.start()" file="app.go:34"
time="2024-12-04T20:42:23+03:00" level=info msg="listen tcp" func="main.start()" file="app.go:51"
time="2024-12-04T20:42:23+03:00" level=info msg="server is listening port 0.0.0.0:1234" func="main.start()" file="app.go:53"
time="2024-12-04T20:42:43+03:00" level=info msg="create router" func="main.main()" file="app.go:20"
time="2024-12-04T20:42:43+03:00" level=info msg="read application configuration" func="main.go/internal/config.GetConfig.func1()" file="config.go:25"
time="2024-12-04T20:42:43+03:00" level=info msg="register user handler" func="main.main()" file="app.go:25"
time="2024-12-04T20:42:43+03:00" level=info msg="start application" func="main.start()" file="app.go:34"
time="2024-12-04T20:42:43+03:00" level=info msg="listen tcp" func="main.start()" file="app.go:51"
time="2024-12-04T20:42:43+03:00" level=info msg="server is listening port 0.0.0.0:1234" func="main.start()" file="app.go:53"
time="2024-12-04T20:42:43+03:00" level=fatal msg="listen tcp 0.0.0.0:1234: bind: address already in use" func="main.start()" file="app.go:58"
time="2024-12-04T20:42:50+03:00" level=info msg="create router" func="main.main()" file="app.go:20"
time="2024-12-04T20:42:50+03:00" level=info msg="read application configuration" func="main.go/internal/config.GetConfig.func1()" file="config.go:25"
time="2024-12-04T20:42:50+03:00" level=info msg="register user handler" func="main.main()" file="app.go:25"
time="2024-12-04T20:42:50+03:00" level=info msg="start application" func="main.start()" file="app.go:34"
time="2024-12-04T20:42:50+03:00" level=info msg="listen tcp" func="main.start()" file="app.go:51"
time="2024-12-04T20:42:50+03:00" level=info msg="server is listening port 0.0.0.0:1234" func="main.start()" file="app.go:53"
time="2024-12-04T20:42:50+03:00" level=fatal msg="listen tcp 0.0.0.0:1234: bind: address already in use" func="main.start()" file="app.go:58"
time="2024-12-04T20:47:47+03:00" level=info msg="create router" func="main.main()" file="app.go:20"
time="2024-12-04T20:47:47+03:00" level=info msg="read application configuration" func="main.go/internal/config.GetConfig.func1()" file="config.go:25"
time="2024-12-04T20:47:47+03:00" level=info msg="register user handler" func="main.main()" file="app.go:25"
time="2024-12-04T20:47:47+03:00" level=info msg="start application" func="main.start()" file="app.go:34"
time="2024-12-04T20:47:47+03:00" level=info msg="listen tcp" func="main.start()" file="app.go:51"
time="2024-12-04T20:47:47+03:00" level=info msg="server is listening port 0.0.0.0:1234" func="main.start()" file="app.go:53"
time="2024-12-04T20:48:59+03:00" level=info msg="create router" func="main.main()" file="app.go:20"
time="2024-12-04T20:48:59+03:00" level=info msg="read application configuration" func="main.go/internal/config.GetConfig.func1()" file="config.go:25"
time="2024-12-04T20:48:59+03:00" level=info msg="register user handler" func="main.main()" file="app.go:25"
time="2024-12-04T20:48:59+03:00" level=info msg="start application" func="main.start()" file="app.go:34"
time="2024-12-04T20:48:59+03:00" level=info msg="listen tcp" func="main.start()" file="app.go:51"
time="2024-12-04T20:48:59+03:00" level=info msg="server is listening port 0.0.0.0:1234" func="main.start()" file="app.go:53"
time="2024-12-04T20:49:03+03:00" level=info msg="create router" func="main.main()" file="app.go:20"
time="2024-12-04T20:49:03+03:00" level=info msg="read application configuration" func="main.go/internal/config.GetConfig.func1()" file="config.go:25"
time="2024-12-04T20:49:03+03:00" level=info msg="register user handler" func="main.main()" file="app.go:25"
time="2024-12-04T20:49:03+03:00" level=info msg="start application" func="main.start()" file="app.go:34"
time="2024-12-04T20:49:03+03:00" level=info msg="listen tcp" func="main.start()" file="app.go:51"
time="2024-12-04T20:49:03+03:00" level=info msg="server is listening port 0.0.0.0:1234" func="main.start()" file="app.go:53"
time="2024-12-04T20:49:03+03:00" level=fatal msg="listen tcp 0.0.0.0:1234: bind: address already in use" func="main.start()" file="app.go:58"
time="2024-12-05T11:12:03+03:00" level=info msg="create router" func="main.main()" file="app.go:20"
time="2024-12-05T11:12:03+03:00" level=info msg="read application configuration" func="main.go/internal/config.GetConfig.func1()" file="config.go:25"
time="2024-12-05T11:12:03+03:00" level=info msg="register user handler" func="main.main()" file="app.go:25"
time="2024-12-05T11:12:03+03:00" level=info msg="start application" func="main.start()" file="app.go:34"
time="2024-12-05T11:12:03+03:00" level=info msg="listen tcp" func="main.start()" file="app.go:51"
time="2024-12-05T11:12:03+03:00" level=info msg="server is listening port 0.0.0.0:1234" func="main.start()" file="app.go:53"
time="2024-12-05T11:16:43+03:00" level=info msg="create router" func="main.main()" file="app.go:20"
time="2024-12-05T11:16:43+03:00" level=info msg="read application configuration" func="main.go/internal/config.GetConfig.func1()" file="config.go:25"
time="2024-12-05T11:16:43+03:00" level=info msg="register user handler" func="main.main()" file="app.go:25"
time="2024-12-05T11:16:43+03:00" level=info msg="start application" func="main.start()" file="app.go:34"
time="2024-12-05T11:16:43+03:00" level=info msg="listen tcp" func="main.start()" file="app.go:51"
time="2024-12-05T11:16:43+03:00" level=info msg="server is listening port 0.0.0.0:1234" func="main.start()" file="app.go:53"
time="2024-12-05T11:16:43+03:00" level=fatal msg="listen tcp 0.0.0.0:1234: bind: address already in use" func="main.start()" file="app.go:58"
time="2024-12-05T11:17:03+03:00" level=info msg="create router" func="main.main()" file="app.go:20"
time="2024-12-05T11:17:03+03:00" level=info msg="read application configuration" func="main.go/internal/config.GetConfig.func1()" file="config.go:25"
time="2024-12-05T11:17:03+03:00" level=info msg="register user handler" func="main.main()" file="app.go:25"
time="2024-12-05T11:17:03+03:00" level=info msg="start application" func="main.start()" file="app.go:34"
time="2024-12-05T11:17:03+03:00" level=info msg="listen tcp" func="main.start()" file="app.go:51"
time="2024-12-05T11:17:03+03:00" level=info msg="server is listening port 0.0.0.0:1234" func="main.start()" file="app.go:53"
time="2024-12-05T11:17:03+03:00" level=fatal msg="listen tcp :80: bind: permission denied" func="main.start()" file="app.go:65"
time="2024-12-05T11:17:56+03:00" level=info msg="create router" func="main.main()" file="app.go:20"
time="2024-12-05T11:17:56+03:00" level=info msg="read application configuration" func="main.go/internal/config.GetConfig.func1()" file="config.go:25"
time="2024-12-05T11:17:56+03:00" level=info msg="register user handler" func="main.main()" file="app.go:25"
time="2024-12-05T11:17:56+03:00" level=info msg="start application" func="main.start()" file="app.go:34"
time="2024-12-05T11:17:56+03:00" level=info msg="listen tcp" func="main.start()" file="app.go:51"
time="2024-12-05T11:17:56+03:00" level=info msg="server is listening port 0.0.0.0:1234" func="main.start()" file="app.go:53"
time="2024-12-05T11:17:56+03:00" level=fatal msg="listen tcp :80: bind: permission denied" func="main.start()" file="app.go:65"
time="2024-12-13T04:52:38+03:00" level=info msg="create router" func="main.main()" file="app.go:20"
time="2024-12-13T04:52:38+03:00" level=info msg="read application configuration" func="main.go/internal/config.GetConfig.func1()" file="config.go:25"
time="2024-12-13T04:52:38+03:00" level=info msg="register user handler" func="main.main()" file="app.go:25"
time="2024-12-13T04:52:38+03:00" level=info msg="start application" func="main.start()" file="app.go:34"
time="2024-12-13T04:52:38+03:00" level=info msg="listen tcp" func="main.start()" file="app.go:51"
time="2024-12-13T04:52:38+03:00" level=info msg="server is listening port 0.0.0.0:1234" func="main.start()" file="app.go:53"
